<?xml version="1.0" encoding="UTF-8"?>
<!-- Generated by org.testng.reporters.JUnitXMLReporter -->
<testsuite hostname="BDC4B-D-48J7N62" name="test" tests="1" failures="1" timestamp="21 Mar 2017 13:15:34 GMT" time="63.249" errors="0">
  <testcase name="atcatValidation" time="18.36" classname="scripts.Dei_main">
    <failure type="java.lang.NoSuchMethodError" message="driver.GenericMethods.waitForObjectExistence(Lorg/openqa/selenium/WebDriver;Lorg/openqa/selenium/By;Ljava/lang/String;)Z">
      <![CDATA[java.lang.NoSuchMethodError: driver.GenericMethods.waitForObjectExistence(Lorg/openqa/selenium/WebDriver;Lorg/openqa/selenium/By;Ljava/lang/String;)Z
	at methods.BusinessOutcome.navigateToBusinessOutcomepage(BusinessOutcome.java:16)
	at scripts.Dei_main.atcatValidation(Dei_main.java:90)
... Removed 24 stack frames]]>
    </failure>
  </testcase> <!-- atcatValidation -->
</testsuite> <!-- test -->
