<?xml version="1.0" encoding="UTF-8"?>
<testsuite name="TestSuite" time="56.433" tests="9" errors="0" skipped="8" failures="1">
  <properties>
[...]
</properties>
  <testcase name="Open" classname="scripts.travels" time="56.433">
    <failure message="Failed to connect to binary FirefoxBinary(C:\Program Files (x86)\Mozilla Firefox\firefox.exe) on port 7055; process output follows: &#10;&#10;Build info: version: &apos;2.48.0&apos;, revision: &apos;b7b081a4f1289f17e8ecd38bc67e137c2a12e34a&apos;, time: &apos;2015-10-07 09:50:14&apos;&#10;System info: host: &apos;P5-508SC8Q&apos;, ip: &apos;10.195.108.75&apos;, os.name: &apos;Windows 10&apos;, os.arch: &apos;x86&apos;, os.version: &apos;10.0&apos;, java.version: &apos;1.8.0_111&apos;&#10;Driver info: driver.version: FirefoxDriver" type="org.openqa.selenium.WebDriverException"><![CDATA[org.openqa.selenium.WebDriverException: Failed to connect to binary FirefoxBinary(C:\Program Files (x86)\Mozilla Firefox\firefox.exe) on port 7055; process output follows: 

Build info: version: '2.48.0', revision: 'b7b081a4f1289f17e8ecd38bc67e137c2a12e34a', time: '2015-10-07 09:50:14'
System info: host: 'P5-508SC8Q', ip: '10.195.108.75', os.name: 'Windows 10', os.arch: 'x86', os.version: '10.0', java.version: '1.8.0_111'
Driver info: driver.version: FirefoxDriver
	at org.openqa.selenium.firefox.internal.NewProfileExtensionConnection.start(NewProfileExtensionConnection.java:123)
	at org.openqa.selenium.firefox.FirefoxDriver.startClient(FirefoxDriver.java:271)
	at org.openqa.selenium.remote.RemoteWebDriver.<init>(RemoteWebDriver.java:117)
	at org.openqa.selenium.firefox.FirefoxDriver.<init>(FirefoxDriver.java:216)
	at org.openqa.selenium.firefox.FirefoxDriver.<init>(FirefoxDriver.java:211)
	at org.openqa.selenium.firefox.FirefoxDriver.<init>(FirefoxDriver.java:207)
	at org.openqa.selenium.firefox.FirefoxDriver.<init>(FirefoxDriver.java:120)
	at scripts.travels.Open(travels.java:45)
]]></failure>
    <system-err><![CDATA[org.openqa.selenium.firefox.NotConnectedException: Unable to connect to host 127.0.0.1 on port 7055 after 45000 ms. Firefox console output:

	at org.openqa.selenium.firefox.internal.NewProfileExtensionConnection.start(NewProfileExtensionConnection.java:123)
	at org.openqa.selenium.firefox.FirefoxDriver.startClient(FirefoxDriver.java:271)
	at org.openqa.selenium.remote.RemoteWebDriver.<init>(RemoteWebDriver.java:117)
	at org.openqa.selenium.firefox.FirefoxDriver.<init>(FirefoxDriver.java:216)
	at org.openqa.selenium.firefox.FirefoxDriver.<init>(FirefoxDriver.java:211)
	at org.openqa.selenium.firefox.FirefoxDriver.<init>(FirefoxDriver.java:207)
	at org.openqa.selenium.firefox.FirefoxDriver.<init>(FirefoxDriver.java:120)
	at scripts.travels.Open(travels.java:45)
	at sun.reflect.NativeMethodAccessorImpl.invoke0(Native Method)
	at sun.reflect.NativeMethodAccessorImpl.invoke(NativeMethodAccessorImpl.java:62)
	at sun.reflect.DelegatingMethodAccessorImpl.invoke(DelegatingMethodAccessorImpl.java:43)
	at java.lang.reflect.Method.invoke(Method.java:498)
	at org.testng.internal.MethodInvocationHelper.invokeMethod(MethodInvocationHelper.java:80)
	at org.testng.internal.Invoker.invokeConfigurationMethod(Invoker.java:564)
	at org.testng.internal.Invoker.invokeConfigurations(Invoker.java:213)
	at org.testng.internal.Invoker.invokeConfigurations(Invoker.java:138)
	at org.testng.internal.TestMethodWorker.invokeBeforeClassMethods(TestMethodWorker.java:175)
	at org.testng.internal.TestMethodWorker.run(TestMethodWorker.java:107)
	at org.testng.TestRunner.privateRun(TestRunner.java:767)
	at org.testng.TestRunner.run(TestRunner.java:617)
	at org.testng.SuiteRunner.runTest(SuiteRunner.java:334)
	at org.testng.SuiteRunner.runSequentially(SuiteRunner.java:329)
	at org.testng.SuiteRunner.privateRun(SuiteRunner.java:291)
	at org.testng.SuiteRunner.run(SuiteRunner.java:240)
	at org.testng.SuiteRunnerWorker.runSuite(SuiteRunnerWorker.java:52)
	at org.testng.SuiteRunnerWorker.run(SuiteRunnerWorker.java:86)
	at org.testng.TestNG.runSuitesSequentially(TestNG.java:1198)
	at org.testng.TestNG.runSuitesLocally(TestNG.java:1123)
	at org.testng.TestNG.run(TestNG.java:1031)
	at org.apache.maven.surefire.testng.TestNGExecutor.run(TestNGExecutor.java:295)
	at org.apache.maven.surefire.testng.TestNGXmlTestSuite.execute(TestNGXmlTestSuite.java:84)
	at org.apache.maven.surefire.testng.TestNGProvider.invoke(TestNGProvider.java:90)
	at sun.reflect.NativeMethodAccessorImpl.invoke0(Native Method)
	at sun.reflect.NativeMethodAccessorImpl.invoke(NativeMethodAccessorImpl.java:62)
	at sun.reflect.DelegatingMethodAccessorImpl.invoke(DelegatingMethodAccessorImpl.java:43)
	at java.lang.reflect.Method.invoke(Method.java:498)
	at org.apache.maven.surefire.util.ReflectionUtils.invokeMethodWithArray2(ReflectionUtils.java:208)
	at org.apache.maven.surefire.booter.ProviderFactory$ProviderProxy.invoke(ProviderFactory.java:155)
	at org.apache.maven.surefire.booter.ProviderFactory.invokeProvider(ProviderFactory.java:81)
	at org.apache.maven.plugin.surefire.InPluginVMSurefireStarter.runSuitesInProcess(InPluginVMSurefireStarter.java:82)
	at org.apache.maven.plugin.surefire.AbstractSurefireMojo.executeProvider(AbstractSurefireMojo.java:974)
	at org.apache.maven.plugin.surefire.AbstractSurefireMojo.executeAfterPreconditionsChecked(AbstractSurefireMojo.java:824)
	at org.apache.maven.plugin.surefire.AbstractSurefireMojo.execute(AbstractSurefireMojo.java:722)
	at org.apache.maven.plugin.DefaultBuildPluginManager.executeMojo(DefaultBuildPluginManager.java:134)
	at org.apache.maven.lifecycle.internal.MojoExecutor.execute(MojoExecutor.java:207)
	at org.apache.maven.lifecycle.internal.MojoExecutor.execute(MojoExecutor.java:153)
	at org.apache.maven.lifecycle.internal.MojoExecutor.execute(MojoExecutor.java:145)
	at org.apache.maven.lifecycle.internal.LifecycleModuleBuilder.buildProject(LifecycleModuleBuilder.java:116)
	at org.apache.maven.lifecycle.internal.LifecycleModuleBuilder.buildProject(LifecycleModuleBuilder.java:80)
	at org.apache.maven.lifecycle.internal.builder.singlethreaded.SingleThreadedBuilder.build(SingleThreadedBuilder.java:51)
	at org.apache.maven.lifecycle.internal.LifecycleStarter.execute(LifecycleStarter.java:128)
	at org.apache.maven.DefaultMaven.doExecute(DefaultMaven.java:307)
	at org.apache.maven.DefaultMaven.doExecute(DefaultMaven.java:193)
	at org.apache.maven.DefaultMaven.execute(DefaultMaven.java:106)
	at org.apache.maven.cli.MavenCli.execute(MavenCli.java:863)
	at org.apache.maven.cli.MavenCli.doMain(MavenCli.java:288)
	at org.apache.maven.cli.MavenCli.main(MavenCli.java:199)
	at sun.reflect.NativeMethodAccessorImpl.invoke0(Native Method)
	at sun.reflect.NativeMethodAccessorImpl.invoke(NativeMethodAccessorImpl.java:62)
	at sun.reflect.DelegatingMethodAccessorImpl.invoke(DelegatingMethodAccessorImpl.java:43)
	at java.lang.reflect.Method.invoke(Method.java:498)
	at org.codehaus.plexus.classworlds.launcher.Launcher.launchEnhanced(Launcher.java:289)
	at org.codehaus.plexus.classworlds.launcher.Launcher.launch(Launcher.java:229)
	at org.codehaus.plexus.classworlds.launcher.Launcher.mainWithExitCode(Launcher.java:415)
	at org.codehaus.plexus.classworlds.launcher.Launcher.main(Launcher.java:356)
]]></system-err>
  </testcase>
  <testcase name="businessAdvisorValidation" classname="scripts.travels" time="0">
    <skipped/>
    <system-out><![CDATA[The total rows are : 7
The total colums are : 27
n
The cell values are : 1,0: n
login
The cell values are : 1,1: login
http://newtours.demoaut.com/mercurywelcome.php
The cell values are : 1,2: http://newtours.demoaut.com/mercurywelcome.php
adtestid51
The cell values are : 1,3: adtestid51
xE2w04kC1a7Se5Vh69g3
The cell values are : 1,4: xE2w04kC1a7Se5Vh69g3

The cell values are : 1,5: 

The cell values are : 1,6: 

The cell values are : 1,7: 

The cell values are : 1,8: 

The cell values are : 1,9: 

The cell values are : 1,10: 

The cell values are : 1,11: 

The cell values are : 1,12: 

The cell values are : 1,13: 

The cell values are : 1,14: 

The cell values are : 1,15: 
y
The cell values are : 2,0: y
Register
The cell values are : 2,1: Register

The cell values are : 2,2: 

The cell values are : 2,3: 

The cell values are : 2,4: 
biswanath
The cell values are : 2,5: biswanath
das
The cell values are : 2,6: das
7.710971176E9
The cell values are : 2,7: 7.710971176E9
bdas9261@gmail.com
The cell values are : 2,8: bdas9261@gmail.com
gffhghgbkj
The cell values are : 2,9: gffhghgbkj
pune
The cell values are : 2,10: pune
Maharashtra
The cell values are : 2,11: Maharashtra
755007.0
The cell values are : 2,12: 755007.0
ALBANIA
The cell values are : 2,13: ALBANIA
bdas9261
The cell values are : 2,14: bdas9261
fdfdfddg
The cell values are : 2,15: fdfdfddg
fdfdfddg
The cell values are : 2,16: fdfdfddg
y
The cell values are : 3,0: y
Signin
The cell values are : 3,1: Signin

The cell values are : 3,2: 

The cell values are : 3,3: 

The cell values are : 3,4: 

The cell values are : 3,5: 

The cell values are : 3,6: 

The cell values are : 3,7: 

The cell values are : 3,8: 

The cell values are : 3,9: 

The cell values are : 3,10: 

The cell values are : 3,11: 

The cell values are : 3,12: 

The cell values are : 3,13: 

The cell values are : 3,14: 

The cell values are : 3,15: 
bdas9261
The cell values are : 3,17: bdas9261
fdfdfddg
The cell values are : 3,18: fdfdfddg
y
The cell values are : 4,0: y
TraveDetails
The cell values are : 4,1: TraveDetails

The cell values are : 4,2: 

The cell values are : 4,3: 

The cell values are : 4,4: 

The cell values are : 4,5: 

The cell values are : 4,6: 

The cell values are : 4,7: 

The cell values are : 4,8: 

The cell values are : 4,9: 

The cell values are : 4,10: 
TestRole
The cell values are : 4,11: TestRole

The cell values are : 4,12: 

The cell values are : 4,13: 

The cell values are : 4,14: 

The cell values are : 4,15: 
3.0
The cell values are : 4,19: 3.0
New York
The cell values are : 4,20: New York
January
The cell values are : 4,21: January
23.0
The cell values are : 4,22: 23.0
Frankfurt
The cell values are : 4,23: Frankfurt
January
The cell values are : 4,24: January
25.0
The cell values are : 4,25: 25.0
Unified Airlines
The cell values are : 4,26: Unified Airlines
n
The cell values are : 5,0: n

The cell values are : 5,1: 

The cell values are : 5,2: 

The cell values are : 5,3: 

The cell values are : 5,4: 

The cell values are : 5,5: 

The cell values are : 5,6: 

The cell values are : 5,7: 

The cell values are : 5,8: 

The cell values are : 5,9: 
n.kumarasamy
The cell values are : 5,10: n.kumarasamy

The cell values are : 5,11: 

The cell values are : 5,12: 

The cell values are : 5,13: 

The cell values are : 5,14: 

The cell values are : 5,15: 
n
The cell values are : 6,0: n

The cell values are : 6,1: 

The cell values are : 6,2: 

The cell values are : 6,3: 

The cell values are : 6,4: 

The cell values are : 6,5: 

The cell values are : 6,6: 

The cell values are : 6,7: 

The cell values are : 6,8: 

The cell values are : 6,9: 

The cell values are : 6,10: 

The cell values are : 6,11: 
adtestid54
The cell values are : 6,12: adtestid54

The cell values are : 6,13: 

The cell values are : 6,14: 

The cell values are : 6,15: 
n
The cell values are : 7,0: n

The cell values are : 7,1: 

The cell values are : 7,2: 

The cell values are : 7,3: 

The cell values are : 7,4: 

The cell values are : 7,5: 

The cell values are : 7,6: 

The cell values are : 7,7: 

The cell values are : 7,8: 

The cell values are : 7,9: 

The cell values are : 7,10: 
ADMIN
The cell values are : 7,11: ADMIN

The cell values are : 7,12: 
Read
The cell values are : 7,13: Read
GEN 4 PROJECT TRACKER
The cell values are : 7,14: GEN 4 PROJECT TRACKER

The cell values are : 7,15: 
]]></system-out>
  </testcase>
  <testcase name="businessAdvisorValidation" classname="scripts.travels" time="0">
    <skipped/>
  </testcase>
  <testcase name="businessAdvisorValidation" classname="scripts.travels" time="0">
    <skipped/>
  </testcase>
  <testcase name="businessAdvisorValidation" classname="scripts.travels" time="0">
    <skipped/>
  </testcase>
  <testcase name="businessAdvisorValidation" classname="scripts.travels" time="0">
    <skipped/>
  </testcase>
  <testcase name="businessAdvisorValidation" classname="scripts.travels" time="0">
    <skipped/>
  </testcase>
  <testcase name="businessAdvisorValidation" classname="scripts.travels" time="0">
    <skipped/>
  </testcase>
  <testcase name="tearDown" classname="scripts.travels" time="0">
    <skipped/>
  </testcase>
</testsuite>